<?xml version="1.0" encoding="UTF-8"?>
<testng-results ignored="0" total="5" passed="5" failed="0" skipped="0">
  <reporter-output>
  </reporter-output>
  <suite started-at="2025-03-29T10:03:07 UTC" name="Regression Suite" finished-at="2025-03-29T10:03:07 UTC" duration-ms="777">
    <groups>
      <group name="regression">
        <method signature="TestRestClientErrorCase.testForNotFoundResponse()[pri:0, instance:com.learning.testngintegration.TestRestClientErrorCase@493dfb8e]" name="testForNotFoundResponse" class="com.learning.testngintegration.TestRestClientErrorCase"/>
      </group> <!-- regression -->
      <group name="integration">
        <method signature="TestRestClientErrorCase.testForNotFoundResponse()[pri:0, instance:com.learning.testngintegration.TestRestClientErrorCase@493dfb8e]" name="testForNotFoundResponse" class="com.learning.testngintegration.TestRestClientErrorCase"/>
      </group> <!-- integration -->
    </groups>
    <test started-at="2025-03-29T10:03:07 UTC" name="Test Group" finished-at="2025-03-29T10:03:07 UTC" duration-ms="777">
      <class name="com.learning.testngintegration.TestRestClientErrorCase">
        <test-method is-config="true" signature="setUpServer()[pri:0, instance:com.learning.testngintegration.TestRestClientErrorCase@493dfb8e]" started-at="2025-03-29T10:03:07 UTC" name="setUpServer" finished-at="2025-03-29T10:03:07 UTC" duration-ms="15" status="PASS">
          <reporter-output>
          </reporter-output>
        </test-method> <!-- setUpServer -->
        <test-method signature="testForBadRequestResponse()[pri:0, instance:com.learning.testngintegration.TestRestClientErrorCase@493dfb8e]" started-at="2025-03-29T10:03:07 UTC" name="testForBadRequestResponse" finished-at="2025-03-29T10:03:07 UTC" duration-ms="9" status="PASS">
          <reporter-output>
          </reporter-output>
        </test-method> <!-- testForBadRequestResponse -->
        <test-method signature="testForInternalServerErrorResponse()[pri:0, instance:com.learning.testngintegration.TestRestClientErrorCase@493dfb8e]" started-at="2025-03-29T10:03:07 UTC" name="testForInternalServerErrorResponse" finished-at="2025-03-29T10:03:07 UTC" duration-ms="6" status="PASS">
          <reporter-output>
          </reporter-output>
        </test-method> <!-- testForInternalServerErrorResponse -->
        <test-method signature="testForNotFoundResponse()[pri:0, instance:com.learning.testngintegration.TestRestClientErrorCase@493dfb8e]" started-at="2025-03-29T10:03:07 UTC" name="testForNotFoundResponse" finished-at="2025-03-29T10:03:07 UTC" duration-ms="4" status="PASS">
          <reporter-output>
          </reporter-output>
        </test-method> <!-- testForNotFoundResponse -->
        <test-method is-config="true" signature="stopServer()[pri:0, instance:com.learning.testngintegration.TestRestClientErrorCase@493dfb8e]" started-at="2025-03-29T10:03:07 UTC" name="stopServer" finished-at="2025-03-29T10:03:07 UTC" duration-ms="8" status="PASS">
          <reporter-output>
          </reporter-output>
        </test-method> <!-- stopServer -->
      </class> <!-- com.learning.testngintegration.TestRestClientErrorCase -->
      <class name="com.learning.testngintegration.TestRestClient">
        <test-method is-config="true" signature="setUpServer()[pri:0, instance:com.learning.testngintegration.TestRestClient@3954d008]" started-at="2025-03-29T10:03:07 UTC" name="setUpServer" finished-at="2025-03-29T10:03:07 UTC" duration-ms="453" status="PASS">
          <reporter-output>
          </reporter-output>
        </test-method> <!-- setUpServer -->
        <test-method signature="failedTest()[pri:0, instance:com.learning.testngintegration.TestRestClient@3954d008]" started-at="2025-03-29T10:03:07 UTC" name="failedTest" finished-at="2025-03-29T10:03:07 UTC" duration-ms="2" status="PASS">
          <reporter-output>
          </reporter-output>
        </test-method> <!-- failedTest -->
        <test-method signature="testForSuccessFullResponse()[pri:0, instance:com.learning.testngintegration.TestRestClient@3954d008]" started-at="2025-03-29T10:03:07 UTC" name="testForSuccessFullResponse" finished-at="2025-03-29T10:03:07 UTC" duration-ms="223" status="PASS">
          <reporter-output>
          </reporter-output>
        </test-method> <!-- testForSuccessFullResponse -->
        <test-method is-config="true" signature="stopServer()[pri:0, instance:com.learning.testngintegration.TestRestClient@3954d008]" started-at="2025-03-29T10:03:07 UTC" name="stopServer" finished-at="2025-03-29T10:03:07 UTC" duration-ms="18" status="PASS">
          <reporter-output>
          </reporter-output>
        </test-method> <!-- stopServer -->
      </class> <!-- com.learning.testngintegration.TestRestClient -->
    </test> <!-- Test Group -->
  </suite> <!-- Regression Suite -->
</testng-results>
