<?xml version="1.0" encoding="UTF-8"?>
<testng-results ignored="0" total="5" passed="5" failed="0" skipped="0">
  <reporter-output>
  </reporter-output>
  <suite started-at="2025-01-14T15:55:22 IST" name="Regression Suite" finished-at="2025-01-14T15:55:22 IST" duration-ms="611">
    <groups>
      <group name="regression">
        <method signature="TestRestClientErrorCase.testForNotFoundResponse()[pri:0, instance:com.learning.testngintegration.TestRestClientErrorCase@591e58fa]" name="testForNotFoundResponse" class="com.learning.testngintegration.TestRestClientErrorCase"/>
      </group> <!-- regression -->
      <group name="integration">
        <method signature="TestRestClientErrorCase.testForNotFoundResponse()[pri:0, instance:com.learning.testngintegration.TestRestClientErrorCase@591e58fa]" name="testForNotFoundResponse" class="com.learning.testngintegration.TestRestClientErrorCase"/>
      </group> <!-- integration -->
    </groups>
    <test started-at="2025-01-14T15:55:22 IST" name="Test Group" finished-at="2025-01-14T15:55:22 IST" duration-ms="611">
      <class name="com.learning.testngintegration.TestRestClientErrorCase">
        <test-method is-config="true" signature="setUpServer()[pri:0, instance:com.learning.testngintegration.TestRestClientErrorCase@591e58fa]" started-at="2025-01-14T15:55:22 IST" name="setUpServer" finished-at="2025-01-14T15:55:22 IST" duration-ms="12" status="PASS">
          <reporter-output>
          </reporter-output>
        </test-method> <!-- setUpServer -->
        <test-method signature="testForBadRequestResponse()[pri:0, instance:com.learning.testngintegration.TestRestClientErrorCase@591e58fa]" started-at="2025-01-14T15:55:22 IST" name="testForBadRequestResponse" finished-at="2025-01-14T15:55:22 IST" duration-ms="5" status="PASS">
          <reporter-output>
          </reporter-output>
        </test-method> <!-- testForBadRequestResponse -->
        <test-method signature="testForInternalServerErrorResponse()[pri:0, instance:com.learning.testngintegration.TestRestClientErrorCase@591e58fa]" started-at="2025-01-14T15:55:22 IST" name="testForInternalServerErrorResponse" finished-at="2025-01-14T15:55:22 IST" duration-ms="4" status="PASS">
          <reporter-output>
          </reporter-output>
        </test-method> <!-- testForInternalServerErrorResponse -->
        <test-method signature="testForNotFoundResponse()[pri:0, instance:com.learning.testngintegration.TestRestClientErrorCase@591e58fa]" started-at="2025-01-14T15:55:22 IST" name="testForNotFoundResponse" finished-at="2025-01-14T15:55:22 IST" duration-ms="3" status="PASS">
          <reporter-output>
          </reporter-output>
        </test-method> <!-- testForNotFoundResponse -->
        <test-method is-config="true" signature="stopServer()[pri:0, instance:com.learning.testngintegration.TestRestClientErrorCase@591e58fa]" started-at="2025-01-14T15:55:22 IST" name="stopServer" finished-at="2025-01-14T15:55:22 IST" duration-ms="4" status="PASS">
          <reporter-output>
          </reporter-output>
        </test-method> <!-- stopServer -->
      </class> <!-- com.learning.testngintegration.TestRestClientErrorCase -->
      <class name="com.learning.testngintegration.TestRestClient">
        <test-method is-config="true" signature="setUpServer()[pri:0, instance:com.learning.testngintegration.TestRestClient@3a4e343]" started-at="2025-01-14T15:55:22 IST" name="setUpServer" finished-at="2025-01-14T15:55:22 IST" duration-ms="394" status="PASS">
          <reporter-output>
          </reporter-output>
        </test-method> <!-- setUpServer -->
        <test-method signature="failedTest()[pri:0, instance:com.learning.testngintegration.TestRestClient@3a4e343]" started-at="2025-01-14T15:55:22 IST" name="failedTest" finished-at="2025-01-14T15:55:22 IST" duration-ms="2" status="PASS">
          <reporter-output>
          </reporter-output>
        </test-method> <!-- failedTest -->
        <test-method signature="testForSuccessFullResponse()[pri:0, instance:com.learning.testngintegration.TestRestClient@3a4e343]" started-at="2025-01-14T15:55:22 IST" name="testForSuccessFullResponse" finished-at="2025-01-14T15:55:22 IST" duration-ms="143" status="PASS">
          <reporter-output>
          </reporter-output>
        </test-method> <!-- testForSuccessFullResponse -->
        <test-method is-config="true" signature="stopServer()[pri:0, instance:com.learning.testngintegration.TestRestClient@3a4e343]" started-at="2025-01-14T15:55:22 IST" name="stopServer" finished-at="2025-01-14T15:55:22 IST" duration-ms="9" status="PASS">
          <reporter-output>
          </reporter-output>
        </test-method> <!-- stopServer -->
      </class> <!-- com.learning.testngintegration.TestRestClient -->
    </test> <!-- Test Group -->
  </suite> <!-- Regression Suite -->
</testng-results>
