<?xml version="1.0" encoding="UTF-8"?>
<testsuite xmlns:xsi="http://www.w3.org/2001/XMLSchema-instance" xsi:noNamespaceSchemaLocation="https://maven.apache.org/surefire/maven-surefire-plugin/xsd/surefire-test-report.xsd" version="3.0.2" name="com.learning.junitintegration.TestRestClientErrorCase" time="0.129" tests="3" errors="0" skipped="0" failures="0">
  <properties>
[...]
</properties>
  <testcase name="testForBadRequestResponse" classname="com.learning.junitintegration.TestRestClientErrorCase" time="0.013"/>
  <testcase name="testForNotFoundResponse" classname="com.learning.junitintegration.TestRestClientErrorCase" time="0.005"/>
  <testcase name="testForInternalServerErrorResponse" classname="com.learning.junitintegration.TestRestClientErrorCase" time="0.004"/>
</testsuite>