<?xml version="1.0" encoding="UTF-8"?>
<testsuite xmlns:xsi="http://www.w3.org/2001/XMLSchema-instance" xsi:noNamespaceSchemaLocation="https://maven.apache.org/surefire/maven-surefire-plugin/xsd/surefire-test-report.xsd" version="3.0.2" name="TestSuite" time="8.315" tests="1" errors="0" skipped="0" failures="1">
  <properties>
[...]
</properties>
  <testcase name="runScenario[&quot;To launch the BugZilla and verify the page title&quot;, &quot;To test the login scenario of BugZilla&quot;](1)" classname="com.learning.runner.BugZillaRunner" time="5.586">
    <failure message="expected [Bugzilla – Main Page] but found [Log in to Bugzilla]" type="java.lang.AssertionError"><![CDATA[java.lang.AssertionError: expected [Bugzilla – Main Page] but found [Log in to Bugzilla]
	at org.testng.Assert.fail(Assert.java:111)
	at org.testng.Assert.failNotEquals(Assert.java:1578)
	at org.testng.Assert.assertEqualsImpl(Assert.java:150)
	at org.testng.Assert.assertEquals(Assert.java:132)
	at org.testng.Assert.assertEquals(Assert.java:656)
	at org.testng.Assert.assertEquals(Assert.java:666)
	at com.learning.stepdfn.StepDefinition.page_should_be_open_wth_title(StepDefinition.java:40)
	at ✽.Page should be open wth title "Bugzilla – Main Page"(file:///home/vagrant/nirvana/chaintestreporting/cucumberintegration/src/test/resources/features/BgzillaAutomation.feature:8)
]]></failure>
    <system-out><![CDATA[10:03:10.715 [main] DEBUG c.a.c.service.ChainPluginService - Found configuration entry chaintest.generator.email.enabled, will use chaintest.generator.email.class-name to resolve class
10:03:10.721 [main] DEBUG c.a.c.service.ChainPluginService - Found configuration entry chaintest.generator.chainlp.enabled, will use chaintest.generator.chainlp.class-name to resolve class
10:03:10.723 [main] DEBUG c.a.c.service.ChainPluginService - Found configuration entry chaintest.generator.simple.enabled, will use chaintest.generator.simple.class-name to resolve class
10:03:10.725 [main] DEBUG c.a.c.generator.FileGenerator - Loading template index.ftl for class class com.aventstack.chaintest.generator.ChainTestEmailGenerator with basePackagePath email/
10:03:11.246 [main] DEBUG c.a.chaintest.http.HttpRetryHandler - Creating HttpRetryHandler instance for 3 retry attempts
10:03:11.319 [main] DEBUG c.a.c.http.ChainTestApiClient - Created request for entity Build with body: {"id":0,"projectId":0,"projectName":"CucumberTestProject","startedAt":1743242591246,"endedAt":0,"durationMs":0,"executionStage":"IN_PROGRESS","testRunner":"cucumber-jvm","name":null,"result":"PASSED","tagStatsMonitor":{},"tags":[],"gitRepository":null,"gitBranch":null,"gitCommitHash":null,"gitTags":null,"gitCommitMessage":null,"systemInfo":[{"id":0,"name":"java.version","val":"17.0.12"},{"id":0,"name":"java.vm.name","val":"Java HotSpot(TM) 64-Bit Server VM"},{"id":0,"name":"java.vm.vendor","val":"Oracle Corporation"},{"id":0,"name":"java.class.version","val":"61.0"},{"id":0,"name":"java.runtime.name","val":"Java(TM) SE Runtime Environment"},{"id":0,"name":"os.name","val":"Linux"},{"id":0,"name":"os.arch","val":"amd64"},{"id":0,"name":"os.version","val":"5.15.0-134-generic"}],"bdd":false,"durationPretty":"0ms"}
10:03:11.417 [HttpClient-1-Worker-1] DEBUG c.a.c.http.JsonMappedBodyHandler - Received response from service: {"id":19,"displayId":7,"projectId":3,"name":null,"number":null,"projectName":"CucumberTestProject","buildstats":null,"tagStats":null,"systemInfo":[{"name":"java.class.version","val":"61.0"},{"name":"os.arch","val":"amd64"},{"name":"java.vm.name","val":"Java HotSpot(TM) 64-Bit Server VM"},{"name":"java.vm.vendor","val":"Oracle Corporation"},{"name":"java.runtime.name","val":"Java(TM) SE Runtime Environment"},{"name":"os.version","val":"5.15.0-134-generic"},{"name":"java.version","val":"17.0.12"},{"name":"os.name","val":"Linux"}],"startedAt":1743242591246,"endedAt":0,"durationMs":0,"executionStage":"IN_PROGRESS","testRunner":"cucumber-jvm","result":"PASSED","tags":[],"bdd":false}
10:03:11.457 [main] DEBUG c.a.chaintest.http.HttpRetryHandler - Create API returned responseCode: 200
10:03:11.457 [main] DEBUG c.a.c.generator.ChainLPGenerator - All tests in this run will be associated with buildId: 19
10:03:11.459 [main] DEBUG c.a.c.generator.FileGenerator - Loading template index.ftl for class class com.aventstack.chaintest.generator.ChainTestSimpleGenerator with basePackagePath simple

Scenario: To launch the BugZilla and verify the page title             &amp#27;[90m# src/test/resources/features/BgzillaAutomation.feature:3&amp#27;[0m
  &amp#27;[32mGiven &amp#27;[0m&amp#27;[32mI open the BugZilla webpage at &amp#27;[0m&amp#27;[32m&amp#27;[1m"http://localhost:90/bugzilla/"&amp#27;[0m &amp#27;[90m# com.learning.stepdfn.StepDefinition.i_open_the_bug_zilla_webpage_at(java.lang.String)&amp#27;[0m
  &amp#27;[32mThen &amp#27;[0m&amp#27;[32mI clicked on the login button&amp#27;[0m                                   &amp#27;[90m# com.learning.stepdfn.StepDefinition.i_clicked_on_the_login_button()&amp#27;[0m
  &amp#27;[32mAnd &amp#27;[0m&amp#27;[32mI provided the username as &amp#27;[0m&amp#27;[32m&amp#27;[1m"admin"&amp#27;[0m&amp#27;[32m and password as &amp#27;[0m&amp#27;[32m&amp#27;[1m"password"&amp#27;[0m    &amp#27;[90m# com.learning.stepdfn.StepDefinition.i_provided_the_username_as_and_password_as(java.lang.String,java.lang.String)&amp#27;[0m
  &amp#27;[32mWhen &amp#27;[0m&amp#27;[32mI click the login button again&amp#27;[0m                                  &amp#27;[90m# com.learning.stepdfn.StepDefinition.i_click_the_login_button_again()&amp#27;[0m
  &amp#27;[31mThen &amp#27;[0m&amp#27;[31mPage should be open wth title &amp#27;[0m&amp#27;[31m&amp#27;[1m"Bugzilla – Main Page"&amp#27;[0m            &amp#27;[90m# com.learning.stepdfn.StepDefinition.page_should_be_open_wth_title(java.lang.String)&amp#27;[0m
      &amp#27;[31mjava.lang.AssertionError: expected [Bugzilla – Main Page] but found [Log in to Bugzilla]
      	at org.testng.Assert.fail(Assert.java:111)
      	at org.testng.Assert.failNotEquals(Assert.java:1578)
      	at org.testng.Assert.assertEqualsImpl(Assert.java:150)
      	at org.testng.Assert.assertEquals(Assert.java:132)
      	at org.testng.Assert.assertEquals(Assert.java:656)
      	at org.testng.Assert.assertEquals(Assert.java:666)
      	at com.learning.stepdfn.StepDefinition.page_should_be_open_wth_title(StepDefinition.java:40)
      	at ✽.Page should be open wth title "Bugzilla – Main Page"(file:///home/vagrant/nirvana/chaintestreporting/cucumberintegration/src/test/resources/features/BgzillaAutomation.feature:8)&amp#27;[0m

    Embedding To launch the BugZilla and verify the page title [image/png 334324 bytes]

]]></system-out>
  </testcase>
</testsuite>