<?xml version="1.0" encoding="UTF-8"?>
<!-- Generated by org.testng.reporters.JUnitXMLReporter -->
<testsuite ignored="0" hostname="vagrant" failures="0" tests="5" name="Test Group" time="0.611" errors="0" timestamp="2025-01-14T15:55:22 IST">
  <testcase classname="com.learning.testngintegration.TestRestClient" name="failedTest" time="0.002"/>
  <testcase classname="com.learning.testngintegration.TestRestClient" name="testForSuccessFullResponse" time="0.143"/>
  <testcase classname="com.learning.testngintegration.TestRestClientErrorCase" name="testForBadRequestResponse" time="0.005"/>
  <testcase classname="com.learning.testngintegration.TestRestClientErrorCase" name="testForInternalServerErrorResponse" time="0.004"/>
  <testcase classname="com.learning.testngintegration.TestRestClientErrorCase" name="testForNotFoundResponse" time="0.003"/>
</testsuite> <!-- Test Group -->
