<?xml version="1.0" encoding="UTF-8"?>
<!-- Generated by org.testng.reporters.JUnitXMLReporter -->
<testsuite ignored="0" hostname="vagrant" failures="1" tests="1" name="Test Group" time="7.571" errors="0" timestamp="2025-03-29T10:03:18 UTC">
  <testcase classname="io.cucumber.testng.AbstractTestNGCucumberTests" name="runScenario" time="5.583">
    <failure type="java.lang.AssertionError" message="expected [Bugzilla – Main Page] but found [Log in to Bugzilla]">
      <![CDATA[java.lang.AssertionError: expected [Bugzilla – Main Page] but found [Log in to Bugzilla]
at com.learning.stepdfn.StepDefinition.page_should_be_open_wth_title(StepDefinition.java:40)
at ✽.Page should be open wth title "Bugzilla – Main Page"(file:///home/vagrant/nirvana/chaintestreporting/cucumberintegration/src/test/resources/features/BgzillaAutomation.feature:8)
... Removed 6 stack frames]]>
    </failure>
  </testcase> <!-- runScenario -->
</testsuite> <!-- Test Group -->
